<?xml version="1.0" encoding="UTF-8"?>
<testsuite xmlns:xsi="http://www.w3.org/2001/XMLSchema-instance" xsi:noNamespaceSchemaLocation="https://maven.apache.org/surefire/maven-surefire-plugin/xsd/surefire-test-report.xsd" name="de.limago.zeiterfassung.services.feiertage.test.FeiertagServiceImplTest" time="11.662" tests="10" errors="0" skipped="0" failures="0">
  <properties>
    <property name="sun.desktop" value="windows"/>
    <property name="awt.toolkit" value="sun.awt.windows.WToolkit"/>
    <property name="file.encoding.pkg" value="sun.io"/>
    <property name="java.specification.version" value="1.8"/>
    <property name="sun.cpu.isalist" value="amd64"/>
    <property name="sun.jnu.encoding" value="Cp1252"/>
    <property name="java.class.path" value="C:\Users\JoachimWagner\ownCloud\tmp\zeiterfassung\target\test-classes;C:\Users\JoachimWagner\ownCloud\tmp\zeiterfassung\target\classes;C:\Users\JoachimWagner\.m2\repository\org\springframework\boot\spring-boot-starter-data-jpa\2.1.7.RELEASE\spring-boot-starter-data-jpa-2.1.7.RELEASE.jar;C:\Users\JoachimWagner\.m2\repository\org\springframework\boot\spring-boot-starter-aop\2.1.7.RELEASE\spring-boot-starter-aop-2.1.7.RELEASE.jar;C:\Users\JoachimWagner\.m2\repository\org\aspectj\aspectjweaver\1.9.4\aspectjweaver-1.9.4.jar;C:\Users\JoachimWagner\.m2\repository\org\springframework\boot\spring-boot-starter-jdbc\2.1.7.RELEASE\spring-boot-starter-jdbc-2.1.7.RELEASE.jar;C:\Users\JoachimWagner\.m2\repository\com\zaxxer\HikariCP\3.2.0\HikariCP-3.2.0.jar;C:\Users\JoachimWagner\.m2\repository\org\springframework\spring-jdbc\5.1.9.RELEASE\spring-jdbc-5.1.9.RELEASE.jar;C:\Users\JoachimWagner\.m2\repository\javax\transaction\javax.transaction-api\1.3\javax.transaction-api-1.3.jar;C:\Users\JoachimWagner\.m2\repository\javax\xml\bind\jaxb-api\2.3.1\jaxb-api-2.3.1.jar;C:\Users\JoachimWagner\.m2\repository\javax\activation\javax.activation-api\1.2.0\javax.activation-api-1.2.0.jar;C:\Users\JoachimWagner\.m2\repository\org\hibernate\hibernate-core\5.3.10.Final\hibernate-core-5.3.10.Final.jar;C:\Users\JoachimWagner\.m2\repository\org\jboss\logging\jboss-logging\3.3.2.Final\jboss-logging-3.3.2.Final.jar;C:\Users\JoachimWagner\.m2\repository\javax\persistence\javax.persistence-api\2.2\javax.persistence-api-2.2.jar;C:\Users\JoachimWagner\.m2\repository\org\javassist\javassist\3.23.2-GA\javassist-3.23.2-GA.jar;C:\Users\JoachimWagner\.m2\repository\antlr\antlr\2.7.7\antlr-2.7.7.jar;C:\Users\JoachimWagner\.m2\repository\org\jboss\jandex\2.0.5.Final\jandex-2.0.5.Final.jar;C:\Users\JoachimWagner\.m2\repository\com\fasterxml\classmate\1.4.0\classmate-1.4.0.jar;C:\Users\JoachimWagner\.m2\repository\org\dom4j\dom4j\2.1.1\dom4j-2.1.1.jar;C:\Users\JoachimWagner\.m2\repository\org\hibernate\common\hibernate-commons-annotations\5.0.4.Final\hibernate-commons-annotations-5.0.4.Final.jar;C:\Users\JoachimWagner\.m2\repository\org\springframework\data\spring-data-jpa\2.1.10.RELEASE\spring-data-jpa-2.1.10.RELEASE.jar;C:\Users\JoachimWagner\.m2\repository\org\springframework\data\spring-data-commons\2.1.10.RELEASE\spring-data-commons-2.1.10.RELEASE.jar;C:\Users\JoachimWagner\.m2\repository\org\springframework\spring-orm\5.1.9.RELEASE\spring-orm-5.1.9.RELEASE.jar;C:\Users\JoachimWagner\.m2\repository\org\springframework\spring-context\5.1.9.RELEASE\spring-context-5.1.9.RELEASE.jar;C:\Users\JoachimWagner\.m2\repository\org\springframework\spring-tx\5.1.9.RELEASE\spring-tx-5.1.9.RELEASE.jar;C:\Users\JoachimWagner\.m2\repository\org\springframework\spring-beans\5.1.9.RELEASE\spring-beans-5.1.9.RELEASE.jar;C:\Users\JoachimWagner\.m2\repository\org\springframework\spring-aspects\5.1.9.RELEASE\spring-aspects-5.1.9.RELEASE.jar;C:\Users\JoachimWagner\.m2\repository\org\springframework\boot\spring-boot-starter-data-rest\2.1.7.RELEASE\spring-boot-starter-data-rest-2.1.7.RELEASE.jar;C:\Users\JoachimWagner\.m2\repository\org\springframework\data\spring-data-rest-webmvc\3.1.10.RELEASE\spring-data-rest-webmvc-3.1.10.RELEASE.jar;C:\Users\JoachimWagner\.m2\repository\org\springframework\data\spring-data-rest-core\3.1.10.RELEASE\spring-data-rest-core-3.1.10.RELEASE.jar;C:\Users\JoachimWagner\.m2\repository\org\springframework\hateoas\spring-hateoas\0.25.2.RELEASE\spring-hateoas-0.25.2.RELEASE.jar;C:\Users\JoachimWagner\.m2\repository\org\springframework\plugin\spring-plugin-core\1.2.0.RELEASE\spring-plugin-core-1.2.0.RELEASE.jar;C:\Users\JoachimWagner\.m2\repository\org\atteo\evo-inflector\1.2.2\evo-inflector-1.2.2.jar;C:\Users\JoachimWagner\.m2\repository\com\fasterxml\jackson\core\jackson-annotations\2.9.0\jackson-annotations-2.9.0.jar;C:\Users\JoachimWagner\.m2\repository\org\springframework\boot\spring-boot-starter-oauth2-client\2.1.7.RELEASE\spring-boot-starter-oauth2-client-2.1.7.RELEASE.jar;C:\Users\JoachimWagner\.m2\repository\org\springframework\boot\spring-boot-starter\2.1.7.RELEASE\spring-boot-starter-2.1.7.RELEASE.jar;C:\Users\JoachimWagner\.m2\repository\org\springframework\boot\spring-boot-starter-logging\2.1.7.RELEASE\spring-boot-starter-logging-2.1.7.RELEASE.jar;C:\Users\JoachimWagner\.m2\repository\ch\qos\logback\logback-classic\1.2.3\logback-classic-1.2.3.jar;C:\Users\JoachimWagner\.m2\repository\ch\qos\logback\logback-core\1.2.3\logback-core-1.2.3.jar;C:\Users\JoachimWagner\.m2\repository\org\apache\logging\log4j\log4j-to-slf4j\2.11.2\log4j-to-slf4j-2.11.2.jar;C:\Users\JoachimWagner\.m2\repository\org\apache\logging\log4j\log4j-api\2.11.2\log4j-api-2.11.2.jar;C:\Users\JoachimWagner\.m2\repository\org\slf4j\jul-to-slf4j\1.7.26\jul-to-slf4j-1.7.26.jar;C:\Users\JoachimWagner\.m2\repository\javax\annotation\javax.annotation-api\1.3.2\javax.annotation-api-1.3.2.jar;C:\Users\JoachimWagner\.m2\repository\org\yaml\snakeyaml\1.23\snakeyaml-1.23.jar;C:\Users\JoachimWagner\.m2\repository\org\springframework\security\spring-security-config\5.1.6.RELEASE\spring-security-config-5.1.6.RELEASE.jar;C:\Users\JoachimWagner\.m2\repository\org\springframework\security\spring-security-core\5.1.6.RELEASE\spring-security-core-5.1.6.RELEASE.jar;C:\Users\JoachimWagner\.m2\repository\org\springframework\spring-expression\5.1.9.RELEASE\spring-expression-5.1.9.RELEASE.jar;C:\Users\JoachimWagner\.m2\repository\org\springframework\security\spring-security-oauth2-client\5.1.6.RELEASE\spring-security-oauth2-client-5.1.6.RELEASE.jar;C:\Users\JoachimWagner\.m2\repository\com\nimbusds\oauth2-oidc-sdk\6.0\oauth2-oidc-sdk-6.0.jar;C:\Users\JoachimWagner\.m2\repository\com\sun\mail\javax.mail\1.6.2\javax.mail-1.6.2.jar;C:\Users\JoachimWagner\.m2\repository\javax\activation\activation\1.1\activation-1.1.jar;C:\Users\JoachimWagner\.m2\repository\com\github\stephenc\jcip\jcip-annotations\1.0-1\jcip-annotations-1.0-1.jar;C:\Users\JoachimWagner\.m2\repository\com\nimbusds\lang-tag\1.6\lang-tag-1.6.jar;C:\Users\JoachimWagner\.m2\repository\org\springframework\security\spring-security-oauth2-core\5.1.6.RELEASE\spring-security-oauth2-core-5.1.6.RELEASE.jar;C:\Users\JoachimWagner\.m2\repository\org\springframework\security\spring-security-oauth2-jose\5.1.6.RELEASE\spring-security-oauth2-jose-5.1.6.RELEASE.jar;C:\Users\JoachimWagner\.m2\repository\com\nimbusds\nimbus-jose-jwt\6.0.2\nimbus-jose-jwt-6.0.2.jar;C:\Users\JoachimWagner\.m2\repository\org\springframework\boot\spring-boot-starter-oauth2-resource-server\2.1.7.RELEASE\spring-boot-starter-oauth2-resource-server-2.1.7.RELEASE.jar;C:\Users\JoachimWagner\.m2\repository\org\springframework\security\spring-security-oauth2-resource-server\5.1.6.RELEASE\spring-security-oauth2-resource-server-5.1.6.RELEASE.jar;C:\Users\JoachimWagner\.m2\repository\org\springframework\boot\spring-boot-starter-security\2.1.7.RELEASE\spring-boot-starter-security-2.1.7.RELEASE.jar;C:\Users\JoachimWagner\.m2\repository\org\springframework\spring-aop\5.1.9.RELEASE\spring-aop-5.1.9.RELEASE.jar;C:\Users\JoachimWagner\.m2\repository\org\springframework\security\spring-security-web\5.1.6.RELEASE\spring-security-web-5.1.6.RELEASE.jar;C:\Users\JoachimWagner\.m2\repository\org\springframework\security\spring-security-test\5.1.6.RELEASE\spring-security-test-5.1.6.RELEASE.jar;C:\Users\JoachimWagner\.m2\repository\org\springframework\spring-core\5.1.9.RELEASE\spring-core-5.1.9.RELEASE.jar;C:\Users\JoachimWagner\.m2\repository\org\springframework\spring-jcl\5.1.9.RELEASE\spring-jcl-5.1.9.RELEASE.jar;C:\Users\JoachimWagner\.m2\repository\org\springframework\spring-test\5.1.9.RELEASE\spring-test-5.1.9.RELEASE.jar;C:\Users\JoachimWagner\.m2\repository\org\springframework\boot\spring-boot-starter-thymeleaf\2.1.7.RELEASE\spring-boot-starter-thymeleaf-2.1.7.RELEASE.jar;C:\Users\JoachimWagner\.m2\repository\org\thymeleaf\thymeleaf-spring5\3.0.11.RELEASE\thymeleaf-spring5-3.0.11.RELEASE.jar;C:\Users\JoachimWagner\.m2\repository\org\thymeleaf\thymeleaf\3.0.11.RELEASE\thymeleaf-3.0.11.RELEASE.jar;C:\Users\JoachimWagner\.m2\repository\org\attoparser\attoparser\2.0.5.RELEASE\attoparser-2.0.5.RELEASE.jar;C:\Users\JoachimWagner\.m2\repository\org\unbescape\unbescape\1.1.6.RELEASE\unbescape-1.1.6.RELEASE.jar;C:\Users\JoachimWagner\.m2\repository\org\thymeleaf\extras\thymeleaf-extras-java8time\3.0.4.RELEASE\thymeleaf-extras-java8time-3.0.4.RELEASE.jar;C:\Users\JoachimWagner\.m2\repository\org\springframework\boot\spring-boot-starter-web\2.1.7.RELEASE\spring-boot-starter-web-2.1.7.RELEASE.jar;C:\Users\JoachimWagner\.m2\repository\org\springframework\boot\spring-boot-starter-json\2.1.7.RELEASE\spring-boot-starter-json-2.1.7.RELEASE.jar;C:\Users\JoachimWagner\.m2\repository\com\fasterxml\jackson\datatype\jackson-datatype-jdk8\2.9.9\jackson-datatype-jdk8-2.9.9.jar;C:\Users\JoachimWagner\.m2\repository\com\fasterxml\jackson\datatype\jackson-datatype-jsr310\2.9.9\jackson-datatype-jsr310-2.9.9.jar;C:\Users\JoachimWagner\.m2\repository\com\fasterxml\jackson\module\jackson-module-parameter-names\2.9.9\jackson-module-parameter-names-2.9.9.jar;C:\Users\JoachimWagner\.m2\repository\org\springframework\boot\spring-boot-starter-tomcat\2.1.7.RELEASE\spring-boot-starter-tomcat-2.1.7.RELEASE.jar;C:\Users\JoachimWagner\.m2\repository\org\apache\tomcat\embed\tomcat-embed-core\9.0.22\tomcat-embed-core-9.0.22.jar;C:\Users\JoachimWagner\.m2\repository\org\apache\tomcat\embed\tomcat-embed-el\9.0.22\tomcat-embed-el-9.0.22.jar;C:\Users\JoachimWagner\.m2\repository\org\apache\tomcat\embed\tomcat-embed-websocket\9.0.22\tomcat-embed-websocket-9.0.22.jar;C:\Users\JoachimWagner\.m2\repository\org\hibernate\validator\hibernate-validator\6.0.17.Final\hibernate-validator-6.0.17.Final.jar;C:\Users\JoachimWagner\.m2\repository\javax\validation\validation-api\2.0.1.Final\validation-api-2.0.1.Final.jar;C:\Users\JoachimWagner\.m2\repository\org\springframework\spring-web\5.1.9.RELEASE\spring-web-5.1.9.RELEASE.jar;C:\Users\JoachimWagner\.m2\repository\org\springframework\spring-webmvc\5.1.9.RELEASE\spring-webmvc-5.1.9.RELEASE.jar;C:\Users\JoachimWagner\.m2\repository\org\springframework\boot\spring-boot-starter-websocket\2.1.7.RELEASE\spring-boot-starter-websocket-2.1.7.RELEASE.jar;C:\Users\JoachimWagner\.m2\repository\org\springframework\spring-messaging\5.1.9.RELEASE\spring-messaging-5.1.9.RELEASE.jar;C:\Users\JoachimWagner\.m2\repository\org\springframework\spring-websocket\5.1.9.RELEASE\spring-websocket-5.1.9.RELEASE.jar;C:\Users\JoachimWagner\.m2\repository\org\springframework\boot\spring-boot-devtools\2.1.7.RELEASE\spring-boot-devtools-2.1.7.RELEASE.jar;C:\Users\JoachimWagner\.m2\repository\org\springframework\boot\spring-boot\2.1.7.RELEASE\spring-boot-2.1.7.RELEASE.jar;C:\Users\JoachimWagner\.m2\repository\org\springframework\boot\spring-boot-autoconfigure\2.1.7.RELEASE\spring-boot-autoconfigure-2.1.7.RELEASE.jar;C:\Users\JoachimWagner\.m2\repository\com\h2database\h2\1.4.199\h2-1.4.199.jar;C:\Users\JoachimWagner\.m2\repository\mysql\mysql-connector-java\8.0.17\mysql-connector-java-8.0.17.jar;C:\Users\JoachimWagner\.m2\repository\org\projectlombok\lombok\1.18.8\lombok-1.18.8.jar;C:\Users\JoachimWagner\.m2\repository\org\springframework\boot\spring-boot-starter-test\2.1.7.RELEASE\spring-boot-starter-test-2.1.7.RELEASE.jar;C:\Users\JoachimWagner\.m2\repository\org\springframework\boot\spring-boot-test\2.1.7.RELEASE\spring-boot-test-2.1.7.RELEASE.jar;C:\Users\JoachimWagner\.m2\repository\org\springframework\boot\spring-boot-test-autoconfigure\2.1.7.RELEASE\spring-boot-test-autoconfigure-2.1.7.RELEASE.jar;C:\Users\JoachimWagner\.m2\repository\com\jayway\jsonpath\json-path\2.4.0\json-path-2.4.0.jar;C:\Users\JoachimWagner\.m2\repository\net\minidev\json-smart\2.3\json-smart-2.3.jar;C:\Users\JoachimWagner\.m2\repository\net\minidev\accessors-smart\1.2\accessors-smart-1.2.jar;C:\Users\JoachimWagner\.m2\repository\org\ow2\asm\asm\5.0.4\asm-5.0.4.jar;C:\Users\JoachimWagner\.m2\repository\junit\junit\4.12\junit-4.12.jar;C:\Users\JoachimWagner\.m2\repository\org\assertj\assertj-core\3.11.1\assertj-core-3.11.1.jar;C:\Users\JoachimWagner\.m2\repository\org\mockito\mockito-core\2.23.4\mockito-core-2.23.4.jar;C:\Users\JoachimWagner\.m2\repository\net\bytebuddy\byte-buddy-agent\1.9.16\byte-buddy-agent-1.9.16.jar;C:\Users\JoachimWagner\.m2\repository\org\objenesis\objenesis\2.6\objenesis-2.6.jar;C:\Users\JoachimWagner\.m2\repository\org\hamcrest\hamcrest-core\1.3\hamcrest-core-1.3.jar;C:\Users\JoachimWagner\.m2\repository\org\hamcrest\hamcrest-library\1.3\hamcrest-library-1.3.jar;C:\Users\JoachimWagner\.m2\repository\org\skyscreamer\jsonassert\1.5.0\jsonassert-1.5.0.jar;C:\Users\JoachimWagner\.m2\repository\com\vaadin\external\google\android-json\0.0.20131108.vaadin1\android-json-0.0.20131108.vaadin1.jar;C:\Users\JoachimWagner\.m2\repository\org\xmlunit\xmlunit-core\2.6.3\xmlunit-core-2.6.3.jar;C:\Users\JoachimWagner\.m2\repository\com\tngtech\jgiven\jgiven-core\0.17.1\jgiven-core-0.17.1.jar;C:\Users\JoachimWagner\.m2\repository\org\slf4j\slf4j-api\1.7.26\slf4j-api-1.7.26.jar;C:\Users\JoachimWagner\.m2\repository\com\google\guava\guava\19.0\guava-19.0.jar;C:\Users\JoachimWagner\.m2\repository\com\google\code\gson\gson\2.8.5\gson-2.8.5.jar;C:\Users\JoachimWagner\.m2\repository\com\thoughtworks\paranamer\paranamer\2.8\paranamer-2.8.jar;C:\Users\JoachimWagner\.m2\repository\net\bytebuddy\byte-buddy\1.9.16\byte-buddy-1.9.16.jar;C:\Users\JoachimWagner\.m2\repository\org\fusesource\jansi\jansi\1.15\jansi-1.15.jar;C:\Users\JoachimWagner\.m2\repository\com\tngtech\jgiven\jgiven-junit\0.17.1\jgiven-junit-0.17.1.jar;C:\Users\JoachimWagner\.m2\repository\com\tngtech\jgiven\jgiven-html5-report\0.17.1\jgiven-html5-report-0.17.1.jar;C:\Users\JoachimWagner\.m2\repository\com\tngtech\jgiven\jgiven-html-app\0.17.1\jgiven-html-app-0.17.1.jar;C:\Users\JoachimWagner\.m2\repository\com\tngtech\jgiven\jgiven-spring\0.17.1\jgiven-spring-0.17.1.jar;C:\Users\JoachimWagner\.m2\repository\org\webjars\bootstrap\4.1.3\bootstrap-4.1.3.jar;C:\Users\JoachimWagner\.m2\repository\org\webjars\jquery\3.4.1\jquery-3.4.1.jar;C:\Users\JoachimWagner\.m2\repository\org\webjars\webjars-locator\0.36\webjars-locator-0.36.jar;C:\Users\JoachimWagner\.m2\repository\org\webjars\webjars-locator-core\0.35\webjars-locator-core-0.35.jar;C:\Users\JoachimWagner\.m2\repository\org\apache\commons\commons-lang3\3.8.1\commons-lang3-3.8.1.jar;C:\Users\JoachimWagner\.m2\repository\org\apache\commons\commons-compress\1.9\commons-compress-1.9.jar;C:\Users\JoachimWagner\.m2\repository\com\fasterxml\jackson\core\jackson-core\2.9.9\jackson-core-2.9.9.jar;C:\Users\JoachimWagner\.m2\repository\com\fasterxml\jackson\core\jackson-databind\2.9.9\jackson-databind-2.9.9.jar;C:\Users\JoachimWagner\.m2\repository\org\webjars\popper.js\1.15.0\popper.js-1.15.0.jar;C:\Users\JoachimWagner\.m2\repository\org\jmockit\jmockit\1.8\jmockit-1.8.jar;"/>
    <property name="java.vm.vendor" value="Red Hat, Inc."/>
    <property name="sun.arch.data.model" value="64"/>
    <property name="user.variant" value=""/>
    <property name="java.vendor.url" value="https://developers.redhat.com/"/>
    <property name="user.timezone" value="Europe/Berlin"/>
    <property name="java.vm.specification.version" value="1.8"/>
    <property name="os.name" value="Windows 10"/>
    <property name="user.country" value="DE"/>
    <property name="sun.java.launcher" value="SUN_STANDARD"/>
    <property name="sun.boot.library.path" value="C:\Program Files\Java\jdk-1.8.0\jre\bin"/>
    <property name="sun.java.command" value="C:\Users\JOACHI~1\AppData\Local\Temp\surefire1120511251169526784\surefirebooter7777425450741934150.jar C:\Users\JoachimWagner\AppData\Local\Temp\surefire1120511251169526784 2022-05-25T11-10-10_207-jvmRun1 surefire6428125690799842569tmp surefire_06728811396013701550tmp"/>
    <property name="surefire.test.class.path" value="C:\Users\JoachimWagner\ownCloud\tmp\zeiterfassung\target\test-classes;C:\Users\JoachimWagner\ownCloud\tmp\zeiterfassung\target\classes;C:\Users\JoachimWagner\.m2\repository\org\springframework\boot\spring-boot-starter-data-jpa\2.1.7.RELEASE\spring-boot-starter-data-jpa-2.1.7.RELEASE.jar;C:\Users\JoachimWagner\.m2\repository\org\springframework\boot\spring-boot-starter-aop\2.1.7.RELEASE\spring-boot-starter-aop-2.1.7.RELEASE.jar;C:\Users\JoachimWagner\.m2\repository\org\aspectj\aspectjweaver\1.9.4\aspectjweaver-1.9.4.jar;C:\Users\JoachimWagner\.m2\repository\org\springframework\boot\spring-boot-starter-jdbc\2.1.7.RELEASE\spring-boot-starter-jdbc-2.1.7.RELEASE.jar;C:\Users\JoachimWagner\.m2\repository\com\zaxxer\HikariCP\3.2.0\HikariCP-3.2.0.jar;C:\Users\JoachimWagner\.m2\repository\org\springframework\spring-jdbc\5.1.9.RELEASE\spring-jdbc-5.1.9.RELEASE.jar;C:\Users\JoachimWagner\.m2\repository\javax\transaction\javax.transaction-api\1.3\javax.transaction-api-1.3.jar;C:\Users\JoachimWagner\.m2\repository\javax\xml\bind\jaxb-api\2.3.1\jaxb-api-2.3.1.jar;C:\Users\JoachimWagner\.m2\repository\javax\activation\javax.activation-api\1.2.0\javax.activation-api-1.2.0.jar;C:\Users\JoachimWagner\.m2\repository\org\hibernate\hibernate-core\5.3.10.Final\hibernate-core-5.3.10.Final.jar;C:\Users\JoachimWagner\.m2\repository\org\jboss\logging\jboss-logging\3.3.2.Final\jboss-logging-3.3.2.Final.jar;C:\Users\JoachimWagner\.m2\repository\javax\persistence\javax.persistence-api\2.2\javax.persistence-api-2.2.jar;C:\Users\JoachimWagner\.m2\repository\org\javassist\javassist\3.23.2-GA\javassist-3.23.2-GA.jar;C:\Users\JoachimWagner\.m2\repository\antlr\antlr\2.7.7\antlr-2.7.7.jar;C:\Users\JoachimWagner\.m2\repository\org\jboss\jandex\2.0.5.Final\jandex-2.0.5.Final.jar;C:\Users\JoachimWagner\.m2\repository\com\fasterxml\classmate\1.4.0\classmate-1.4.0.jar;C:\Users\JoachimWagner\.m2\repository\org\dom4j\dom4j\2.1.1\dom4j-2.1.1.jar;C:\Users\JoachimWagner\.m2\repository\org\hibernate\common\hibernate-commons-annotations\5.0.4.Final\hibernate-commons-annotations-5.0.4.Final.jar;C:\Users\JoachimWagner\.m2\repository\org\springframework\data\spring-data-jpa\2.1.10.RELEASE\spring-data-jpa-2.1.10.RELEASE.jar;C:\Users\JoachimWagner\.m2\repository\org\springframework\data\spring-data-commons\2.1.10.RELEASE\spring-data-commons-2.1.10.RELEASE.jar;C:\Users\JoachimWagner\.m2\repository\org\springframework\spring-orm\5.1.9.RELEASE\spring-orm-5.1.9.RELEASE.jar;C:\Users\JoachimWagner\.m2\repository\org\springframework\spring-context\5.1.9.RELEASE\spring-context-5.1.9.RELEASE.jar;C:\Users\JoachimWagner\.m2\repository\org\springframework\spring-tx\5.1.9.RELEASE\spring-tx-5.1.9.RELEASE.jar;C:\Users\JoachimWagner\.m2\repository\org\springframework\spring-beans\5.1.9.RELEASE\spring-beans-5.1.9.RELEASE.jar;C:\Users\JoachimWagner\.m2\repository\org\springframework\spring-aspects\5.1.9.RELEASE\spring-aspects-5.1.9.RELEASE.jar;C:\Users\JoachimWagner\.m2\repository\org\springframework\boot\spring-boot-starter-data-rest\2.1.7.RELEASE\spring-boot-starter-data-rest-2.1.7.RELEASE.jar;C:\Users\JoachimWagner\.m2\repository\org\springframework\data\spring-data-rest-webmvc\3.1.10.RELEASE\spring-data-rest-webmvc-3.1.10.RELEASE.jar;C:\Users\JoachimWagner\.m2\repository\org\springframework\data\spring-data-rest-core\3.1.10.RELEASE\spring-data-rest-core-3.1.10.RELEASE.jar;C:\Users\JoachimWagner\.m2\repository\org\springframework\hateoas\spring-hateoas\0.25.2.RELEASE\spring-hateoas-0.25.2.RELEASE.jar;C:\Users\JoachimWagner\.m2\repository\org\springframework\plugin\spring-plugin-core\1.2.0.RELEASE\spring-plugin-core-1.2.0.RELEASE.jar;C:\Users\JoachimWagner\.m2\repository\org\atteo\evo-inflector\1.2.2\evo-inflector-1.2.2.jar;C:\Users\JoachimWagner\.m2\repository\com\fasterxml\jackson\core\jackson-annotations\2.9.0\jackson-annotations-2.9.0.jar;C:\Users\JoachimWagner\.m2\repository\org\springframework\boot\spring-boot-starter-oauth2-client\2.1.7.RELEASE\spring-boot-starter-oauth2-client-2.1.7.RELEASE.jar;C:\Users\JoachimWagner\.m2\repository\org\springframework\boot\spring-boot-starter\2.1.7.RELEASE\spring-boot-starter-2.1.7.RELEASE.jar;C:\Users\JoachimWagner\.m2\repository\org\springframework\boot\spring-boot-starter-logging\2.1.7.RELEASE\spring-boot-starter-logging-2.1.7.RELEASE.jar;C:\Users\JoachimWagner\.m2\repository\ch\qos\logback\logback-classic\1.2.3\logback-classic-1.2.3.jar;C:\Users\JoachimWagner\.m2\repository\ch\qos\logback\logback-core\1.2.3\logback-core-1.2.3.jar;C:\Users\JoachimWagner\.m2\repository\org\apache\logging\log4j\log4j-to-slf4j\2.11.2\log4j-to-slf4j-2.11.2.jar;C:\Users\JoachimWagner\.m2\repository\org\apache\logging\log4j\log4j-api\2.11.2\log4j-api-2.11.2.jar;C:\Users\JoachimWagner\.m2\repository\org\slf4j\jul-to-slf4j\1.7.26\jul-to-slf4j-1.7.26.jar;C:\Users\JoachimWagner\.m2\repository\javax\annotation\javax.annotation-api\1.3.2\javax.annotation-api-1.3.2.jar;C:\Users\JoachimWagner\.m2\repository\org\yaml\snakeyaml\1.23\snakeyaml-1.23.jar;C:\Users\JoachimWagner\.m2\repository\org\springframework\security\spring-security-config\5.1.6.RELEASE\spring-security-config-5.1.6.RELEASE.jar;C:\Users\JoachimWagner\.m2\repository\org\springframework\security\spring-security-core\5.1.6.RELEASE\spring-security-core-5.1.6.RELEASE.jar;C:\Users\JoachimWagner\.m2\repository\org\springframework\spring-expression\5.1.9.RELEASE\spring-expression-5.1.9.RELEASE.jar;C:\Users\JoachimWagner\.m2\repository\org\springframework\security\spring-security-oauth2-client\5.1.6.RELEASE\spring-security-oauth2-client-5.1.6.RELEASE.jar;C:\Users\JoachimWagner\.m2\repository\com\nimbusds\oauth2-oidc-sdk\6.0\oauth2-oidc-sdk-6.0.jar;C:\Users\JoachimWagner\.m2\repository\com\sun\mail\javax.mail\1.6.2\javax.mail-1.6.2.jar;C:\Users\JoachimWagner\.m2\repository\javax\activation\activation\1.1\activation-1.1.jar;C:\Users\JoachimWagner\.m2\repository\com\github\stephenc\jcip\jcip-annotations\1.0-1\jcip-annotations-1.0-1.jar;C:\Users\JoachimWagner\.m2\repository\com\nimbusds\lang-tag\1.6\lang-tag-1.6.jar;C:\Users\JoachimWagner\.m2\repository\org\springframework\security\spring-security-oauth2-core\5.1.6.RELEASE\spring-security-oauth2-core-5.1.6.RELEASE.jar;C:\Users\JoachimWagner\.m2\repository\org\springframework\security\spring-security-oauth2-jose\5.1.6.RELEASE\spring-security-oauth2-jose-5.1.6.RELEASE.jar;C:\Users\JoachimWagner\.m2\repository\com\nimbusds\nimbus-jose-jwt\6.0.2\nimbus-jose-jwt-6.0.2.jar;C:\Users\JoachimWagner\.m2\repository\org\springframework\boot\spring-boot-starter-oauth2-resource-server\2.1.7.RELEASE\spring-boot-starter-oauth2-resource-server-2.1.7.RELEASE.jar;C:\Users\JoachimWagner\.m2\repository\org\springframework\security\spring-security-oauth2-resource-server\5.1.6.RELEASE\spring-security-oauth2-resource-server-5.1.6.RELEASE.jar;C:\Users\JoachimWagner\.m2\repository\org\springframework\boot\spring-boot-starter-security\2.1.7.RELEASE\spring-boot-starter-security-2.1.7.RELEASE.jar;C:\Users\JoachimWagner\.m2\repository\org\springframework\spring-aop\5.1.9.RELEASE\spring-aop-5.1.9.RELEASE.jar;C:\Users\JoachimWagner\.m2\repository\org\springframework\security\spring-security-web\5.1.6.RELEASE\spring-security-web-5.1.6.RELEASE.jar;C:\Users\JoachimWagner\.m2\repository\org\springframework\security\spring-security-test\5.1.6.RELEASE\spring-security-test-5.1.6.RELEASE.jar;C:\Users\JoachimWagner\.m2\repository\org\springframework\spring-core\5.1.9.RELEASE\spring-core-5.1.9.RELEASE.jar;C:\Users\JoachimWagner\.m2\repository\org\springframework\spring-jcl\5.1.9.RELEASE\spring-jcl-5.1.9.RELEASE.jar;C:\Users\JoachimWagner\.m2\repository\org\springframework\spring-test\5.1.9.RELEASE\spring-test-5.1.9.RELEASE.jar;C:\Users\JoachimWagner\.m2\repository\org\springframework\boot\spring-boot-starter-thymeleaf\2.1.7.RELEASE\spring-boot-starter-thymeleaf-2.1.7.RELEASE.jar;C:\Users\JoachimWagner\.m2\repository\org\thymeleaf\thymeleaf-spring5\3.0.11.RELEASE\thymeleaf-spring5-3.0.11.RELEASE.jar;C:\Users\JoachimWagner\.m2\repository\org\thymeleaf\thymeleaf\3.0.11.RELEASE\thymeleaf-3.0.11.RELEASE.jar;C:\Users\JoachimWagner\.m2\repository\org\attoparser\attoparser\2.0.5.RELEASE\attoparser-2.0.5.RELEASE.jar;C:\Users\JoachimWagner\.m2\repository\org\unbescape\unbescape\1.1.6.RELEASE\unbescape-1.1.6.RELEASE.jar;C:\Users\JoachimWagner\.m2\repository\org\thymeleaf\extras\thymeleaf-extras-java8time\3.0.4.RELEASE\thymeleaf-extras-java8time-3.0.4.RELEASE.jar;C:\Users\JoachimWagner\.m2\repository\org\springframework\boot\spring-boot-starter-web\2.1.7.RELEASE\spring-boot-starter-web-2.1.7.RELEASE.jar;C:\Users\JoachimWagner\.m2\repository\org\springframework\boot\spring-boot-starter-json\2.1.7.RELEASE\spring-boot-starter-json-2.1.7.RELEASE.jar;C:\Users\JoachimWagner\.m2\repository\com\fasterxml\jackson\datatype\jackson-datatype-jdk8\2.9.9\jackson-datatype-jdk8-2.9.9.jar;C:\Users\JoachimWagner\.m2\repository\com\fasterxml\jackson\datatype\jackson-datatype-jsr310\2.9.9\jackson-datatype-jsr310-2.9.9.jar;C:\Users\JoachimWagner\.m2\repository\com\fasterxml\jackson\module\jackson-module-parameter-names\2.9.9\jackson-module-parameter-names-2.9.9.jar;C:\Users\JoachimWagner\.m2\repository\org\springframework\boot\spring-boot-starter-tomcat\2.1.7.RELEASE\spring-boot-starter-tomcat-2.1.7.RELEASE.jar;C:\Users\JoachimWagner\.m2\repository\org\apache\tomcat\embed\tomcat-embed-core\9.0.22\tomcat-embed-core-9.0.22.jar;C:\Users\JoachimWagner\.m2\repository\org\apache\tomcat\embed\tomcat-embed-el\9.0.22\tomcat-embed-el-9.0.22.jar;C:\Users\JoachimWagner\.m2\repository\org\apache\tomcat\embed\tomcat-embed-websocket\9.0.22\tomcat-embed-websocket-9.0.22.jar;C:\Users\JoachimWagner\.m2\repository\org\hibernate\validator\hibernate-validator\6.0.17.Final\hibernate-validator-6.0.17.Final.jar;C:\Users\JoachimWagner\.m2\repository\javax\validation\validation-api\2.0.1.Final\validation-api-2.0.1.Final.jar;C:\Users\JoachimWagner\.m2\repository\org\springframework\spring-web\5.1.9.RELEASE\spring-web-5.1.9.RELEASE.jar;C:\Users\JoachimWagner\.m2\repository\org\springframework\spring-webmvc\5.1.9.RELEASE\spring-webmvc-5.1.9.RELEASE.jar;C:\Users\JoachimWagner\.m2\repository\org\springframework\boot\spring-boot-starter-websocket\2.1.7.RELEASE\spring-boot-starter-websocket-2.1.7.RELEASE.jar;C:\Users\JoachimWagner\.m2\repository\org\springframework\spring-messaging\5.1.9.RELEASE\spring-messaging-5.1.9.RELEASE.jar;C:\Users\JoachimWagner\.m2\repository\org\springframework\spring-websocket\5.1.9.RELEASE\spring-websocket-5.1.9.RELEASE.jar;C:\Users\JoachimWagner\.m2\repository\org\springframework\boot\spring-boot-devtools\2.1.7.RELEASE\spring-boot-devtools-2.1.7.RELEASE.jar;C:\Users\JoachimWagner\.m2\repository\org\springframework\boot\spring-boot\2.1.7.RELEASE\spring-boot-2.1.7.RELEASE.jar;C:\Users\JoachimWagner\.m2\repository\org\springframework\boot\spring-boot-autoconfigure\2.1.7.RELEASE\spring-boot-autoconfigure-2.1.7.RELEASE.jar;C:\Users\JoachimWagner\.m2\repository\com\h2database\h2\1.4.199\h2-1.4.199.jar;C:\Users\JoachimWagner\.m2\repository\mysql\mysql-connector-java\8.0.17\mysql-connector-java-8.0.17.jar;C:\Users\JoachimWagner\.m2\repository\org\projectlombok\lombok\1.18.8\lombok-1.18.8.jar;C:\Users\JoachimWagner\.m2\repository\org\springframework\boot\spring-boot-starter-test\2.1.7.RELEASE\spring-boot-starter-test-2.1.7.RELEASE.jar;C:\Users\JoachimWagner\.m2\repository\org\springframework\boot\spring-boot-test\2.1.7.RELEASE\spring-boot-test-2.1.7.RELEASE.jar;C:\Users\JoachimWagner\.m2\repository\org\springframework\boot\spring-boot-test-autoconfigure\2.1.7.RELEASE\spring-boot-test-autoconfigure-2.1.7.RELEASE.jar;C:\Users\JoachimWagner\.m2\repository\com\jayway\jsonpath\json-path\2.4.0\json-path-2.4.0.jar;C:\Users\JoachimWagner\.m2\repository\net\minidev\json-smart\2.3\json-smart-2.3.jar;C:\Users\JoachimWagner\.m2\repository\net\minidev\accessors-smart\1.2\accessors-smart-1.2.jar;C:\Users\JoachimWagner\.m2\repository\org\ow2\asm\asm\5.0.4\asm-5.0.4.jar;C:\Users\JoachimWagner\.m2\repository\junit\junit\4.12\junit-4.12.jar;C:\Users\JoachimWagner\.m2\repository\org\assertj\assertj-core\3.11.1\assertj-core-3.11.1.jar;C:\Users\JoachimWagner\.m2\repository\org\mockito\mockito-core\2.23.4\mockito-core-2.23.4.jar;C:\Users\JoachimWagner\.m2\repository\net\bytebuddy\byte-buddy-agent\1.9.16\byte-buddy-agent-1.9.16.jar;C:\Users\JoachimWagner\.m2\repository\org\objenesis\objenesis\2.6\objenesis-2.6.jar;C:\Users\JoachimWagner\.m2\repository\org\hamcrest\hamcrest-core\1.3\hamcrest-core-1.3.jar;C:\Users\JoachimWagner\.m2\repository\org\hamcrest\hamcrest-library\1.3\hamcrest-library-1.3.jar;C:\Users\JoachimWagner\.m2\repository\org\skyscreamer\jsonassert\1.5.0\jsonassert-1.5.0.jar;C:\Users\JoachimWagner\.m2\repository\com\vaadin\external\google\android-json\0.0.20131108.vaadin1\android-json-0.0.20131108.vaadin1.jar;C:\Users\JoachimWagner\.m2\repository\org\xmlunit\xmlunit-core\2.6.3\xmlunit-core-2.6.3.jar;C:\Users\JoachimWagner\.m2\repository\com\tngtech\jgiven\jgiven-core\0.17.1\jgiven-core-0.17.1.jar;C:\Users\JoachimWagner\.m2\repository\org\slf4j\slf4j-api\1.7.26\slf4j-api-1.7.26.jar;C:\Users\JoachimWagner\.m2\repository\com\google\guava\guava\19.0\guava-19.0.jar;C:\Users\JoachimWagner\.m2\repository\com\google\code\gson\gson\2.8.5\gson-2.8.5.jar;C:\Users\JoachimWagner\.m2\repository\com\thoughtworks\paranamer\paranamer\2.8\paranamer-2.8.jar;C:\Users\JoachimWagner\.m2\repository\net\bytebuddy\byte-buddy\1.9.16\byte-buddy-1.9.16.jar;C:\Users\JoachimWagner\.m2\repository\org\fusesource\jansi\jansi\1.15\jansi-1.15.jar;C:\Users\JoachimWagner\.m2\repository\com\tngtech\jgiven\jgiven-junit\0.17.1\jgiven-junit-0.17.1.jar;C:\Users\JoachimWagner\.m2\repository\com\tngtech\jgiven\jgiven-html5-report\0.17.1\jgiven-html5-report-0.17.1.jar;C:\Users\JoachimWagner\.m2\repository\com\tngtech\jgiven\jgiven-html-app\0.17.1\jgiven-html-app-0.17.1.jar;C:\Users\JoachimWagner\.m2\repository\com\tngtech\jgiven\jgiven-spring\0.17.1\jgiven-spring-0.17.1.jar;C:\Users\JoachimWagner\.m2\repository\org\webjars\bootstrap\4.1.3\bootstrap-4.1.3.jar;C:\Users\JoachimWagner\.m2\repository\org\webjars\jquery\3.4.1\jquery-3.4.1.jar;C:\Users\JoachimWagner\.m2\repository\org\webjars\webjars-locator\0.36\webjars-locator-0.36.jar;C:\Users\JoachimWagner\.m2\repository\org\webjars\webjars-locator-core\0.35\webjars-locator-core-0.35.jar;C:\Users\JoachimWagner\.m2\repository\org\apache\commons\commons-lang3\3.8.1\commons-lang3-3.8.1.jar;C:\Users\JoachimWagner\.m2\repository\org\apache\commons\commons-compress\1.9\commons-compress-1.9.jar;C:\Users\JoachimWagner\.m2\repository\com\fasterxml\jackson\core\jackson-core\2.9.9\jackson-core-2.9.9.jar;C:\Users\JoachimWagner\.m2\repository\com\fasterxml\jackson\core\jackson-databind\2.9.9\jackson-databind-2.9.9.jar;C:\Users\JoachimWagner\.m2\repository\org\webjars\popper.js\1.15.0\popper.js-1.15.0.jar;C:\Users\JoachimWagner\.m2\repository\org\jmockit\jmockit\1.8\jmockit-1.8.jar;"/>
    <property name="sun.cpu.endian" value="little"/>
    <property name="user.home" value="C:\Users\JoachimWagner"/>
    <property name="user.language" value="de"/>
    <property name="java.specification.vendor" value="Oracle Corporation"/>
    <property name="java.home" value="C:\Program Files\Java\jdk-1.8.0\jre"/>
    <property name="basedir" value="C:\Users\JoachimWagner\ownCloud\tmp\zeiterfassung"/>
    <property name="file.separator" value="\"/>
    <property name="line.separator" value="&#10;"/>
    <property name="java.vm.specification.vendor" value="Oracle Corporation"/>
    <property name="java.specification.name" value="Java Platform API Specification"/>
    <property name="java.awt.graphicsenv" value="sun.awt.Win32GraphicsEnvironment"/>
    <property name="surefire.real.class.path" value="C:\Users\JOACHI~1\AppData\Local\Temp\surefire1120511251169526784\surefirebooter7777425450741934150.jar"/>
    <property name="jdk.net.URLClassPath.disableClassPathURLCheck" value="true"/>
    <property name="sun.boot.class.path" value="C:\Program Files\Java\jdk-1.8.0\jre\lib\resources.jar;C:\Program Files\Java\jdk-1.8.0\jre\lib\rt.jar;C:\Program Files\Java\jdk-1.8.0\jre\lib\sunrsasign.jar;C:\Program Files\Java\jdk-1.8.0\jre\lib\jsse.jar;C:\Program Files\Java\jdk-1.8.0\jre\lib\jce.jar;C:\Program Files\Java\jdk-1.8.0\jre\lib\charsets.jar;C:\Program Files\Java\jdk-1.8.0\jre\lib\jfr.jar;C:\Program Files\Java\jdk-1.8.0\jre\classes"/>
    <property name="user.script" value=""/>
    <property name="sun.management.compiler" value="HotSpot 64-Bit Tiered Compilers"/>
    <property name="java.runtime.version" value="1.8.0_265-b01"/>
    <property name="user.name" value="JoachimWagner"/>
    <property name="path.separator" value=";"/>
    <property name="os.version" value="10.0"/>
    <property name="java.endorsed.dirs" value="C:\Program Files\Java\jdk-1.8.0\jre\lib\endorsed"/>
    <property name="java.runtime.name" value="OpenJDK Runtime Environment"/>
    <property name="file.encoding" value="Cp1252"/>
    <property name="java.vm.name" value="OpenJDK 64-Bit Server VM"/>
    <property name="localRepository" value="C:\Users\JoachimWagner\.m2\repository"/>
    <property name="java.vendor.url.bug" value="https://bugzilla.redhat.com/enter_bug.cgi"/>
    <property name="java.io.tmpdir" value="C:\Users\JOACHI~1\AppData\Local\Temp\"/>
    <property name="idea.version" value="2021.3.3"/>
    <property name="java.version" value="1.8.0_265"/>
    <property name="user.dir" value="C:\Users\JoachimWagner\ownCloud\tmp\zeiterfassung"/>
    <property name="os.arch" value="amd64"/>
    <property name="java.vm.specification.name" value="Java Virtual Machine Specification"/>
    <property name="java.awt.printerjob" value="sun.awt.windows.WPrinterJob"/>
    <property name="sun.os.patch.level" value=""/>
    <property name="java.library.path" value="C:\Program Files\Java\jdk-1.8.0\jre\bin;C:\Windows\Sun\Java\bin;C:\Windows\system32;C:\Windows;C:\Python310\Scripts\;C:\Python310\;C:\Applications\Qt\Tools\mingw900_64\bin;C:\Applications\Qt\6.2.2\mingw_64\bin;C:\Program Files\java\jdk-14.0.2\bin;C:\Program Files\Eclipse Foundation\jdk-8.0.302.8-hotspot\bin;C:\Program Files\Microsoft MPI\Bin\;C:\Windows\system32;C:\Windows;C:\Windows\System32\Wbem;C:\Windows\System32\WindowsPowerShell\v1.0\;C:\Windows\System32\OpenSSH\;C:\Program Files\PuTTY\;C:\Program Files (x86)\Microsoft SQL Server\150\DTS\Binn\;C:\Program Files\Microsoft SQL Server\150\DTS\Binn\;C:\Program Files\Microsoft SQL Server\Client SDK\ODBC\170\Tools\Binn\;C:\Program Files (x86)\Microsoft SQL Server\150\Tools\Binn\;C:\Program Files\Microsoft SQL Server\150\Tools\Binn\;C:\Program Files\Microsoft SQL Server\130\Tools\Binn\;C:\Program Files\Git\cmd;C:\Program Files\CMake\bin;C:\mingw\bin;C:\cygwin64\bin\;C:\Program Files\apache-maven-3.6.3\bin;C:\Applications\sonarqube-8.4.1.35646\bin\windows-x86-64;C:\Applications\sonarqube-8.4.1.35646\sonar-scanner-4.4.0.2170-windows\bin;C:\Applications\google_mock;C:\Program Files\dotnet\;C:\Applications\sonarqube-8.4.2.36762\sonar-scanner-4.6.0.2311-windows\bin;C:\Program Files\Microsoft SQL Server\Client SDK\ODBC\130\Tools\Binn\;C:\Program Files (x86)\Microsoft SQL Server\130\Tools\Binn\;C:\Program Files\Microsoft SQL Server\130\DTS\Binn\;C:\Program Files\Microsoft SQL Server\110\Tools\Binn\;C:\Users\JoachimWagner\.espressif\tools\xtensa-esp32-elf\esp-2020r3-8.4.0\xtensa-esp32-elf\bin;C:\Program Files (x86)\Pico Technology\PicoScope6\;C:\Program Files\TortoiseGit\bin;C:\Program Files\nodejs\;C:\ProgramData\chocolatey\bin;;C:\Program Files\Docker\Docker\resources\bin;C:\ProgramData\DockerDesktop\version-bin;C:\Program Files (x86)\GNU Arm Embedded Toolchain\10 2021.10\bin;C:\Applications\curl-7.76.1-win64-mingw\bin;C:\Users\JoachimWagner\AppData\Local\Microsoft\WindowsApps;C:\Program Files\JetBrains\IntelliJ IDEA Community Edition 2020.2\bin;;C:\Program Files\JetBrains\IntelliJ IDEA 2020.2\bin;;C:\Users\JoachimWagner\.dotnet\tools;C:\Users\JoachimWagner\AppData\Local\Programs\Microsoft VS Code\bin;C:\Program Files\JetBrains\CLion 2021.1.3\bin;;C:\Users\JoachimWagner\.nuget\packages\microsoft.codecoverage\16.5.0\build\netstandard1.0\CodeCoverage;C:\Users\JoachimWagner\AppData\Roaming\npm;."/>
    <property name="java.vm.info" value="mixed mode"/>
    <property name="java.vendor" value="Red Hat, Inc."/>
    <property name="java.vm.version" value="25.265-b01"/>
    <property name="java.ext.dirs" value="C:\Program Files\Java\jdk-1.8.0\jre\lib\ext;C:\Windows\Sun\Java\lib\ext"/>
    <property name="sun.io.unicode.encoding" value="UnicodeLittle"/>
    <property name="java.class.version" value="52.0"/>
  </properties>
  <testcase name="scenario_calculate_mobile_holidays_2018_in_Hessen" classname="de.limago.zeiterfassung.services.feiertage.test.FeiertagServiceImplTest" time="0.207"/>
  <testcase name="scenario_calculate_day_of_prayer_and_repentance_2020_in_Sachsen" classname="de.limago.zeiterfassung.services.feiertage.test.FeiertagServiceImplTest" time="0.008"/>
  <testcase name="scenario_calculate_day_of_prayer_and_repentance_2021_in_Sachsen" classname="de.limago.zeiterfassung.services.feiertage.test.FeiertagServiceImplTest" time="0.011"/>
  <testcase name="scenario_calculate_mobile_holidays_2018_in_Sachsen" classname="de.limago.zeiterfassung.services.feiertage.test.FeiertagServiceImplTest" time="0.02"/>
  <testcase name="scenario_calculate_day_of_prayer_and_repentance_2019_in_Sachsen" classname="de.limago.zeiterfassung.services.feiertage.test.FeiertagServiceImplTest" time="0.009"/>
  <testcase name="scenario_calculate_easter_2018" classname="de.limago.zeiterfassung.services.feiertage.test.FeiertagServiceImplTest" time="0.011"/>
  <testcase name="scenario_calculate_easter_2019" classname="de.limago.zeiterfassung.services.feiertage.test.FeiertagServiceImplTest" time="0.008"/>
  <testcase name="scenario_calculate_easter_2020" classname="de.limago.zeiterfassung.services.feiertage.test.FeiertagServiceImplTest" time="0.007"/>
  <testcase name="scenario_calculate_easter_2021" classname="de.limago.zeiterfassung.services.feiertage.test.FeiertagServiceImplTest" time="0.008"/>
  <testcase name="scenario_calculate_easter_2022" classname="de.limago.zeiterfassung.services.feiertage.test.FeiertagServiceImplTest" time="0.011"/>
</testsuite>